Analysis & Synthesis report for ula
Wed Jun 27 16:34:29 2018
Quartus II 64-Bit Version 13.0.1 Build 232 06/12/2013 Service Pack 1 SJ Web Edition


---------------------
; Table of Contents ;
---------------------
  1. Legal Notice
  2. Analysis & Synthesis Summary
  3. Analysis & Synthesis Settings
  4. Parallel Compilation
  5. Analysis & Synthesis Source Files Read
  6. Analysis & Synthesis Resource Usage Summary
  7. Analysis & Synthesis Resource Utilization by Entity
  8. General Register Statistics
  9. Inverted Register Statistics
 10. Multiplexer Restructuring Statistics (Restructuring Performed)
 11. Elapsed Time Per Partition
 12. Analysis & Synthesis Messages
 13. Analysis & Synthesis Suppressed Messages



----------------
; Legal Notice ;
----------------
Copyright (C) 1991-2013 Altera Corporation
Your use of Altera Corporation's design tools, logic functions 
and other software and tools, and its AMPP partner logic 
functions, and any output files from any of the foregoing 
(including device programming or simulation files), and any 
associated documentation or information are expressly subject 
to the terms and conditions of the Altera Program License 
Subscription Agreement, Altera MegaCore Function License 
Agreement, or other applicable license agreement, including, 
without limitation, that your use is for the sole purpose of 
programming logic devices manufactured by Altera and sold by 
Altera or its authorized distributors.  Please refer to the 
applicable agreement for further details.



+--------------------------------------------------------------------------------------+
; Analysis & Synthesis Summary                                                         ;
+------------------------------------+-------------------------------------------------+
; Analysis & Synthesis Status        ; Successful - Wed Jun 27 16:34:29 2018           ;
; Quartus II 64-Bit Version          ; 13.0.1 Build 232 06/12/2013 SP 1 SJ Web Edition ;
; Revision Name                      ; ula                                             ;
; Top-level Entity Name              ; calcTest                                        ;
; Family                             ; Cyclone II                                      ;
; Total logic elements               ; 104                                             ;
;     Total combinational functions  ; 96                                              ;
;     Dedicated logic registers      ; 14                                              ;
; Total registers                    ; 14                                              ;
; Total pins                         ; 34                                              ;
; Total virtual pins                 ; 0                                               ;
; Total memory bits                  ; 0                                               ;
; Embedded Multiplier 9-bit elements ; 0                                               ;
; Total PLLs                         ; 0                                               ;
+------------------------------------+-------------------------------------------------+


+----------------------------------------------------------------------------------------------------------------------+
; Analysis & Synthesis Settings                                                                                        ;
+----------------------------------------------------------------------------+--------------------+--------------------+
; Option                                                                     ; Setting            ; Default Value      ;
+----------------------------------------------------------------------------+--------------------+--------------------+
; Device                                                                     ; EP2C35F672C6       ;                    ;
; Top-level entity name                                                      ; calcTest           ; ula                ;
; Family name                                                                ; Cyclone II         ; Cyclone IV GX      ;
; Use smart compilation                                                      ; Off                ; Off                ;
; Enable parallel Assembler and TimeQuest Timing Analyzer during compilation ; On                 ; On                 ;
; Enable compact report table                                                ; Off                ; Off                ;
; Restructure Multiplexers                                                   ; Auto               ; Auto               ;
; Create Debugging Nodes for IP Cores                                        ; Off                ; Off                ;
; Preserve fewer node names                                                  ; On                 ; On                 ;
; Disable OpenCore Plus hardware evaluation                                  ; Off                ; Off                ;
; Verilog Version                                                            ; Verilog_2001       ; Verilog_2001       ;
; VHDL Version                                                               ; VHDL_1993          ; VHDL_1993          ;
; State Machine Processing                                                   ; Auto               ; Auto               ;
; Safe State Machine                                                         ; Off                ; Off                ;
; Extract Verilog State Machines                                             ; On                 ; On                 ;
; Extract VHDL State Machines                                                ; On                 ; On                 ;
; Ignore Verilog initial constructs                                          ; Off                ; Off                ;
; Iteration limit for constant Verilog loops                                 ; 5000               ; 5000               ;
; Iteration limit for non-constant Verilog loops                             ; 250                ; 250                ;
; Add Pass-Through Logic to Inferred RAMs                                    ; On                 ; On                 ;
; Infer RAMs from Raw Logic                                                  ; On                 ; On                 ;
; Parallel Synthesis                                                         ; On                 ; On                 ;
; DSP Block Balancing                                                        ; Auto               ; Auto               ;
; NOT Gate Push-Back                                                         ; On                 ; On                 ;
; Power-Up Don't Care                                                        ; On                 ; On                 ;
; Remove Redundant Logic Cells                                               ; Off                ; Off                ;
; Remove Duplicate Registers                                                 ; On                 ; On                 ;
; Ignore CARRY Buffers                                                       ; Off                ; Off                ;
; Ignore CASCADE Buffers                                                     ; Off                ; Off                ;
; Ignore GLOBAL Buffers                                                      ; Off                ; Off                ;
; Ignore ROW GLOBAL Buffers                                                  ; Off                ; Off                ;
; Ignore LCELL Buffers                                                       ; Off                ; Off                ;
; Ignore SOFT Buffers                                                        ; On                 ; On                 ;
; Limit AHDL Integers to 32 Bits                                             ; Off                ; Off                ;
; Optimization Technique                                                     ; Balanced           ; Balanced           ;
; Carry Chain Length                                                         ; 70                 ; 70                 ;
; Auto Carry Chains                                                          ; On                 ; On                 ;
; Auto Open-Drain Pins                                                       ; On                 ; On                 ;
; Perform WYSIWYG Primitive Resynthesis                                      ; Off                ; Off                ;
; Auto ROM Replacement                                                       ; On                 ; On                 ;
; Auto RAM Replacement                                                       ; On                 ; On                 ;
; Auto Shift Register Replacement                                            ; Auto               ; Auto               ;
; Allow Shift Register Merging across Hierarchies                            ; Auto               ; Auto               ;
; Auto Clock Enable Replacement                                              ; On                 ; On                 ;
; Strict RAM Replacement                                                     ; Off                ; Off                ;
; Allow Synchronous Control Signals                                          ; On                 ; On                 ;
; Force Use of Synchronous Clear Signals                                     ; Off                ; Off                ;
; Auto RAM to Logic Cell Conversion                                          ; Off                ; Off                ;
; Auto Resource Sharing                                                      ; Off                ; Off                ;
; Allow Any RAM Size For Recognition                                         ; Off                ; Off                ;
; Allow Any ROM Size For Recognition                                         ; Off                ; Off                ;
; Allow Any Shift Register Size For Recognition                              ; Off                ; Off                ;
; Use LogicLock Constraints during Resource Balancing                        ; On                 ; On                 ;
; Ignore translate_off and synthesis_off directives                          ; Off                ; Off                ;
; Timing-Driven Synthesis                                                    ; Off                ; Off                ;
; Report Parameter Settings                                                  ; On                 ; On                 ;
; Report Source Assignments                                                  ; On                 ; On                 ;
; Report Connectivity Checks                                                 ; On                 ; On                 ;
; Ignore Maximum Fan-Out Assignments                                         ; Off                ; Off                ;
; Synchronization Register Chain Length                                      ; 2                  ; 2                  ;
; PowerPlay Power Optimization                                               ; Normal compilation ; Normal compilation ;
; HDL message level                                                          ; Level2             ; Level2             ;
; Suppress Register Optimization Related Messages                            ; Off                ; Off                ;
; Number of Removed Registers Reported in Synthesis Report                   ; 5000               ; 5000               ;
; Number of Swept Nodes Reported in Synthesis Report                         ; 5000               ; 5000               ;
; Number of Inverted Registers Reported in Synthesis Report                  ; 100                ; 100                ;
; Clock MUX Protection                                                       ; On                 ; On                 ;
; Auto Gated Clock Conversion                                                ; Off                ; Off                ;
; Block Design Naming                                                        ; Auto               ; Auto               ;
; SDC constraint protection                                                  ; Off                ; Off                ;
; Synthesis Effort                                                           ; Auto               ; Auto               ;
; Shift Register Replacement - Allow Asynchronous Clear Signal               ; On                 ; On                 ;
; Pre-Mapping Resynthesis Optimization                                       ; Off                ; Off                ;
; Analysis & Synthesis Message Level                                         ; Medium             ; Medium             ;
; Disable Register Merging Across Hierarchies                                ; Auto               ; Auto               ;
; Resource Aware Inference For Block RAM                                     ; On                 ; On                 ;
; Synthesis Seed                                                             ; 1                  ; 1                  ;
+----------------------------------------------------------------------------+--------------------+--------------------+


Parallel compilation was disabled, but you have multiple processors available. Enable parallel compilation to reduce compilation time.
+-------------------------------------+
; Parallel Compilation                ;
+----------------------------+--------+
; Processors                 ; Number ;
+----------------------------+--------+
; Number detected on machine ; 4      ;
; Maximum allowed            ; 1      ;
+----------------------------+--------+


+---------------------------------------------------------------------------------------------------------------------------------------------------------------------------+
; Analysis & Synthesis Source Files Read                                                                                                                                    ;
+----------------------------------+-----------------+------------------------------------+-----------------------------------------------------------------------+---------+
; File Name with User-Entered Path ; Used in Netlist ; File Type                          ; File Name with Absolute Path                                          ; Library ;
+----------------------------------+-----------------+------------------------------------+-----------------------------------------------------------------------+---------+
; FullAdder.bdf                    ; yes             ; User Block Diagram/Schematic File  ; /home/jhosoume/unb/circuitos_digitais/pre-projeto/ula/FullAdder.bdf   ;         ;
; Mult.bdf                         ; yes             ; User Block Diagram/Schematic File  ; /home/jhosoume/unb/circuitos_digitais/pre-projeto/ula/Mult.bdf        ;         ;
; Selector.bdf                     ; yes             ; User Block Diagram/Schematic File  ; /home/jhosoume/unb/circuitos_digitais/pre-projeto/ula/Selector.bdf    ;         ;
; SumSub6bit.bdf                   ; yes             ; User Block Diagram/Schematic File  ; /home/jhosoume/unb/circuitos_digitais/pre-projeto/ula/SumSub6bit.bdf  ;         ;
; ula_full.bdf                     ; yes             ; User Block Diagram/Schematic File  ; /home/jhosoume/unb/circuitos_digitais/pre-projeto/ula/ula_full.bdf    ;         ;
; 6to8bit.bdf                      ; yes             ; User Block Diagram/Schematic File  ; /home/jhosoume/unb/circuitos_digitais/pre-projeto/ula/6to8bit.bdf     ;         ;
; mux_summult.bdf                  ; yes             ; User Block Diagram/Schematic File  ; /home/jhosoume/unb/circuitos_digitais/pre-projeto/ula/mux_summult.bdf ;         ;
; reg.bdf                          ; yes             ; User Block Diagram/Schematic File  ; /home/jhosoume/unb/circuitos_digitais/pre-projeto/ula/reg.bdf         ;         ;
; statesrom.v                      ; yes             ; User Verilog HDL File              ; /home/jhosoume/unb/circuitos_digitais/pre-projeto/ula/statesrom.v     ;         ;
; decFromKey.v                     ; yes             ; User Verilog HDL File              ; /home/jhosoume/unb/circuitos_digitais/pre-projeto/ula/decFromKey.v    ;         ;
; checkOpNum.v                     ; yes             ; User Verilog HDL File              ; /home/jhosoume/unb/circuitos_digitais/pre-projeto/ula/checkOpNum.v    ;         ;
; statesmach.bdf                   ; yes             ; User Block Diagram/Schematic File  ; /home/jhosoume/unb/circuitos_digitais/pre-projeto/ula/statesmach.bdf  ;         ;
; regMUX.v                         ; yes             ; User Verilog HDL File              ; /home/jhosoume/unb/circuitos_digitais/pre-projeto/ula/regMUX.v        ;         ;
; decodOp.v                        ; yes             ; User Verilog HDL File              ; /home/jhosoume/unb/circuitos_digitais/pre-projeto/ula/decodOp.v       ;         ;
; calcTest.bdf                     ; yes             ; User Block Diagram/Schematic File  ; /home/jhosoume/unb/circuitos_digitais/pre-projeto/ula/calcTest.bdf    ;         ;
; normReg.v                        ; yes             ; User Verilog HDL File              ; /home/jhosoume/unb/circuitos_digitais/pre-projeto/ula/normReg.v       ;         ;
+----------------------------------+-----------------+------------------------------------+-----------------------------------------------------------------------+---------+


+--------------------------------------------------------------+
; Analysis & Synthesis Resource Usage Summary                  ;
+---------------------------------------------+----------------+
; Resource                                    ; Usage          ;
+---------------------------------------------+----------------+
; Estimated Total logic elements              ; 104            ;
;                                             ;                ;
; Total combinational functions               ; 96             ;
; Logic element usage by number of LUT inputs ;                ;
;     -- 4 input functions                    ; 73             ;
;     -- 3 input functions                    ; 18             ;
;     -- <=2 input functions                  ; 5              ;
;                                             ;                ;
; Logic elements by mode                      ;                ;
;     -- normal mode                          ; 96             ;
;     -- arithmetic mode                      ; 0              ;
;                                             ;                ;
; Total registers                             ; 14             ;
;     -- Dedicated logic registers            ; 14             ;
;     -- I/O registers                        ; 0              ;
;                                             ;                ;
; I/O pins                                    ; 34             ;
; Embedded Multiplier 9-bit elements          ; 0              ;
; Maximum fan-out node                        ; reg:inst2|inst ;
; Maximum fan-out                             ; 15             ;
; Total fan-out                               ; 420            ;
; Average fan-out                             ; 2.92           ;
+---------------------------------------------+----------------+


+------------------------------------------------------------------------------------------------------------------------------------------------------------------------------------------------------------------+
; Analysis & Synthesis Resource Utilization by Entity                                                                                                                                                              ;
+-----------------------------+-------------------+--------------+-------------+--------------+---------+-----------+------+--------------+---------------------------------------------------------+--------------+
; Compilation Hierarchy Node  ; LC Combinationals ; LC Registers ; Memory Bits ; DSP Elements ; DSP 9x9 ; DSP 18x18 ; Pins ; Virtual Pins ; Full Hierarchy Name                                     ; Library Name ;
+-----------------------------+-------------------+--------------+-------------+--------------+---------+-----------+------+--------------+---------------------------------------------------------+--------------+
; |calcTest                   ; 96 (4)            ; 14 (0)       ; 0           ; 0            ; 0       ; 0         ; 34   ; 0            ; |calcTest                                               ; work         ;
;    |checkOpNum:inst8|       ; 2 (2)             ; 0 (0)        ; 0           ; 0            ; 0       ; 0         ; 0    ; 0            ; |calcTest|checkOpNum:inst8                              ; work         ;
;    |decFromKey:inst6|       ; 25 (25)           ; 0 (0)        ; 0           ; 0            ; 0       ; 0         ; 0    ; 0            ; |calcTest|decFromKey:inst6                              ; work         ;
;    |decodOp:inst10|         ; 2 (2)             ; 0 (0)        ; 0           ; 0            ; 0       ; 0         ; 0    ; 0            ; |calcTest|decodOp:inst10                                ; work         ;
;    |normReg:inst12|         ; 4 (4)             ; 0 (0)        ; 0           ; 0            ; 0       ; 0         ; 0    ; 0            ; |calcTest|normReg:inst12                                ; work         ;
;    |normReg:inst21|         ; 4 (4)             ; 0 (0)        ; 0           ; 0            ; 0       ; 0         ; 0    ; 0            ; |calcTest|normReg:inst21                                ; work         ;
;    |reg:inst2|              ; 0 (0)             ; 4 (4)        ; 0           ; 0            ; 0       ; 0         ; 0    ; 0            ; |calcTest|reg:inst2                                     ; work         ;
;    |reg:inst3|              ; 0 (0)             ; 4 (4)        ; 0           ; 0            ; 0       ; 0         ; 0    ; 0            ; |calcTest|reg:inst3                                     ; work         ;
;    |reg:inst4|              ; 0 (0)             ; 4 (4)        ; 0           ; 0            ; 0       ; 0         ; 0    ; 0            ; |calcTest|reg:inst4                                     ; work         ;
;    |regMUX:inst22|          ; 8 (8)             ; 0 (0)        ; 0           ; 0            ; 0       ; 0         ; 0    ; 0            ; |calcTest|regMUX:inst22                                 ; work         ;
;    |statesmach:inst7|       ; 2 (0)             ; 2 (2)        ; 0           ; 0            ; 0       ; 0         ; 0    ; 0            ; |calcTest|statesmach:inst7                              ; work         ;
;       |statesrom:inst|      ; 2 (2)             ; 0 (0)        ; 0           ; 0            ; 0       ; 0         ; 0    ; 0            ; |calcTest|statesmach:inst7|statesrom:inst               ; work         ;
;    |ula_full:inst|          ; 45 (0)            ; 0 (0)        ; 0           ; 0            ; 0       ; 0         ; 0    ; 0            ; |calcTest|ula_full:inst                                 ; work         ;
;       |Mult:inst6|          ; 28 (13)           ; 0 (0)        ; 0           ; 0            ; 0       ; 0         ; 0    ; 0            ; |calcTest|ula_full:inst|Mult:inst6                      ; work         ;
;          |FullAdder:inst12| ; 2 (2)             ; 0 (0)        ; 0           ; 0            ; 0       ; 0         ; 0    ; 0            ; |calcTest|ula_full:inst|Mult:inst6|FullAdder:inst12     ; work         ;
;          |FullAdder:inst13| ; 2 (2)             ; 0 (0)        ; 0           ; 0            ; 0       ; 0         ; 0    ; 0            ; |calcTest|ula_full:inst|Mult:inst6|FullAdder:inst13     ; work         ;
;          |FullAdder:inst14| ; 2 (2)             ; 0 (0)        ; 0           ; 0            ; 0       ; 0         ; 0    ; 0            ; |calcTest|ula_full:inst|Mult:inst6|FullAdder:inst14     ; work         ;
;          |FullAdder:inst2|  ; 2 (2)             ; 0 (0)        ; 0           ; 0            ; 0       ; 0         ; 0    ; 0            ; |calcTest|ula_full:inst|Mult:inst6|FullAdder:inst2      ; work         ;
;          |FullAdder:inst3|  ; 2 (2)             ; 0 (0)        ; 0           ; 0            ; 0       ; 0         ; 0    ; 0            ; |calcTest|ula_full:inst|Mult:inst6|FullAdder:inst3      ; work         ;
;          |FullAdder:inst7|  ; 2 (2)             ; 0 (0)        ; 0           ; 0            ; 0       ; 0         ; 0    ; 0            ; |calcTest|ula_full:inst|Mult:inst6|FullAdder:inst7      ; work         ;
;          |FullAdder:inst8|  ; 2 (2)             ; 0 (0)        ; 0           ; 0            ; 0       ; 0         ; 0    ; 0            ; |calcTest|ula_full:inst|Mult:inst6|FullAdder:inst8      ; work         ;
;          |FullAdder:inst9|  ; 1 (1)             ; 0 (0)        ; 0           ; 0            ; 0       ; 0         ; 0    ; 0            ; |calcTest|ula_full:inst|Mult:inst6|FullAdder:inst9      ; work         ;
;       |SumSub6bit:inst|     ; 9 (0)             ; 0 (0)        ; 0           ; 0            ; 0       ; 0         ; 0    ; 0            ; |calcTest|ula_full:inst|SumSub6bit:inst                 ; work         ;
;          |FullAdder:inst1|  ; 2 (2)             ; 0 (0)        ; 0           ; 0            ; 0       ; 0         ; 0    ; 0            ; |calcTest|ula_full:inst|SumSub6bit:inst|FullAdder:inst1 ; work         ;
;          |FullAdder:inst2|  ; 2 (2)             ; 0 (0)        ; 0           ; 0            ; 0       ; 0         ; 0    ; 0            ; |calcTest|ula_full:inst|SumSub6bit:inst|FullAdder:inst2 ; work         ;
;          |FullAdder:inst3|  ; 2 (2)             ; 0 (0)        ; 0           ; 0            ; 0       ; 0         ; 0    ; 0            ; |calcTest|ula_full:inst|SumSub6bit:inst|FullAdder:inst3 ; work         ;
;          |FullAdder:inst|   ; 2 (2)             ; 0 (0)        ; 0           ; 0            ; 0       ; 0         ; 0    ; 0            ; |calcTest|ula_full:inst|SumSub6bit:inst|FullAdder:inst  ; work         ;
;          |Selector:inst16|  ; 1 (1)             ; 0 (0)        ; 0           ; 0            ; 0       ; 0         ; 0    ; 0            ; |calcTest|ula_full:inst|SumSub6bit:inst|Selector:inst16 ; work         ;
;       |mux_summult:inst9|   ; 8 (8)             ; 0 (0)        ; 0           ; 0            ; 0       ; 0         ; 0    ; 0            ; |calcTest|ula_full:inst|mux_summult:inst9               ; work         ;
+-----------------------------+-------------------+--------------+-------------+--------------+---------+-----------+------+--------------+---------------------------------------------------------+--------------+
Note: For table entries with two numbers listed, the numbers in parentheses indicate the number of resources of the given type used by the specific entity alone. The numbers listed outside of parentheses indicate the total resources of the given type used by the specific entity and all of its sub-entities in the hierarchy.


+------------------------------------------------------+
; General Register Statistics                          ;
+----------------------------------------------+-------+
; Statistic                                    ; Value ;
+----------------------------------------------+-------+
; Total registers                              ; 14    ;
; Number of registers using Synchronous Clear  ; 0     ;
; Number of registers using Synchronous Load   ; 0     ;
; Number of registers using Asynchronous Clear ; 12    ;
; Number of registers using Asynchronous Load  ; 0     ;
; Number of registers using Clock Enable       ; 0     ;
; Number of registers using Preset             ; 0     ;
+----------------------------------------------+-------+


+---------------------------------------------------+
; Inverted Register Statistics                      ;
+-----------------------------------------+---------+
; Inverted Register                       ; Fan out ;
+-----------------------------------------+---------+
; reg:inst4|inst5                         ; 3       ;
; reg:inst4|inst                          ; 3       ;
; reg:inst4|inst3                         ; 3       ;
; reg:inst4|inst4                         ; 3       ;
; reg:inst2|inst                          ; 15      ;
; reg:inst2|inst3                         ; 10      ;
; reg:inst2|inst4                         ; 12      ;
; reg:inst2|inst5                         ; 3       ;
; reg:inst3|inst                          ; 14      ;
; reg:inst3|inst3                         ; 10      ;
; reg:inst3|inst4                         ; 10      ;
; reg:inst3|inst5                         ; 3       ;
; Total number of inverted registers = 12 ;         ;
+-----------------------------------------+---------+


+--------------------------------------------------------------------------------------------------------------------------------------------+
; Multiplexer Restructuring Statistics (Restructuring Performed)                                                                             ;
+--------------------+-----------+---------------+----------------------+------------------------+------------+------------------------------+
; Multiplexer Inputs ; Bus Width ; Baseline Area ; Area if Restructured ; Saving if Restructured ; Registered ; Example Multiplexer Output   ;
+--------------------+-----------+---------------+----------------------+------------------------+------------+------------------------------+
; 4:1                ; 4 bits    ; 8 LEs         ; 8 LEs                ; 0 LEs                  ; No         ; |calcTest|regMUX:inst22|Mux0 ;
+--------------------+-----------+---------------+----------------------+------------------------+------------+------------------------------+


+-------------------------------+
; Elapsed Time Per Partition    ;
+----------------+--------------+
; Partition Name ; Elapsed Time ;
+----------------+--------------+
; Top            ; 00:00:00     ;
+----------------+--------------+


+-------------------------------+
; Analysis & Synthesis Messages ;
+-------------------------------+
Info: *******************************************************************
Info: Running Quartus II 64-Bit Analysis & Synthesis
    Info: Version 13.0.1 Build 232 06/12/2013 Service Pack 1 SJ Web Edition
    Info: Processing started: Wed Jun 27 16:34:27 2018
Info: Command: quartus_map --read_settings_files=on --write_settings_files=off ula -c ula
Warning (20028): Parallel compilation is not licensed and has been disabled
Info (12021): Found 1 design units, including 1 entities, in source file FullAdder.bdf
    Info (12023): Found entity 1: FullAdder
Info (12021): Found 1 design units, including 1 entities, in source file Mult.bdf
    Info (12023): Found entity 1: Mult
Info (12021): Found 1 design units, including 1 entities, in source file Selector.bdf
    Info (12023): Found entity 1: Selector
Info (12021): Found 1 design units, including 1 entities, in source file SumSub.bdf
    Info (12023): Found entity 1: SumSub
Info (12021): Found 1 design units, including 1 entities, in source file SumSub6bit.bdf
    Info (12023): Found entity 1: SumSub6bit
Info (12021): Found 1 design units, including 1 entities, in source file ula_full.bdf
    Info (12023): Found entity 1: ula_full
Warning (12019): Can't analyze file -- file 5to8bit.bdf is missing
Info (12021): Found 1 design units, including 1 entities, in source file 6to8bit.bdf
    Info (12023): Found entity 1: 6to8bit
Warning (12090): Entity "mux" obtained from "mux.bdf" instead of from Quartus II megafunction library
Info (12021): Found 1 design units, including 1 entities, in source file mux.bdf
    Info (12023): Found entity 1: mux
Info (12021): Found 1 design units, including 1 entities, in source file mux_summult.bdf
    Info (12023): Found entity 1: mux_summult
Info (12021): Found 1 design units, including 1 entities, in source file reg.bdf
    Info (12023): Found entity 1: reg
Info (12021): Found 1 design units, including 1 entities, in source file decoder7.v
    Info (12023): Found entity 1: decoder7
Info (12021): Found 1 design units, including 1 entities, in source file decoderoutputA.v
    Info (12023): Found entity 1: decoderoutputA
Info (12021): Found 1 design units, including 1 entities, in source file calc.bdf
    Info (12023): Found entity 1: calc
Info (12021): Found 1 design units, including 1 entities, in source file statesrom.v
    Info (12023): Found entity 1: statesrom
Info (12021): Found 1 design units, including 1 entities, in source file decFromKey.v
    Info (12023): Found entity 1: decFromKey
Info (12021): Found 1 design units, including 1 entities, in source file test_decfromkey.bdf
    Info (12023): Found entity 1: test_decfromkey
Info (12021): Found 1 design units, including 1 entities, in source file test_decfromula.bdf
    Info (12023): Found entity 1: test_decfromula
Info (12021): Found 1 design units, including 1 entities, in source file checkOpNum.v
    Info (12023): Found entity 1: checkOpNum
Info (12021): Found 1 design units, including 1 entities, in source file /home/jhosoume/unb/circuitos_digitais/pre-projeto/keyboard/Keyboard.bdf
    Info (12023): Found entity 1: Keyboard
Info (12021): Found 1 design units, including 1 entities, in source file /home/jhosoume/unb/circuitos_digitais/pre-projeto/keyboard/RingCounter.bdf
    Info (12023): Found entity 1: RingCounter
Info (12021): Found 1 design units, including 1 entities, in source file /home/jhosoume/unb/circuitos_digitais/pre-projeto/keyboard/test.bdf
    Info (12023): Found entity 1: test
Info (12021): Found 1 design units, including 1 entities, in source file ula.bdf
    Info (12023): Found entity 1: ula
Info (12021): Found 1 design units, including 1 entities, in source file statesmach.bdf
    Info (12023): Found entity 1: statesmach
Info (12021): Found 1 design units, including 1 entities, in source file regMUX.v
    Info (12023): Found entity 1: regMUX
Info (12021): Found 1 design units, including 1 entities, in source file decodOp.v
    Info (12023): Found entity 1: decodOp
Info (12021): Found 1 design units, including 1 entities, in source file calcTest.bdf
    Info (12023): Found entity 1: calcTest
Info (12021): Found 1 design units, including 1 entities, in source file normReg.v
    Info (12023): Found entity 1: normReg
Info (12127): Elaborating entity "calcTest" for the top level hierarchy
Warning (275011): Block or symbol "normReg" of instance "inst12" overlaps another block or symbol
Info (12128): Elaborating entity "decFromKey" for hierarchy "decFromKey:inst6"
Info (12128): Elaborating entity "decodOp" for hierarchy "decodOp:inst10"
Info (12128): Elaborating entity "reg" for hierarchy "reg:inst4"
Info (12128): Elaborating entity "checkOpNum" for hierarchy "checkOpNum:inst8"
Info (12128): Elaborating entity "regMUX" for hierarchy "regMUX:inst22"
Info (12128): Elaborating entity "statesmach" for hierarchy "statesmach:inst7"
Info (12128): Elaborating entity "statesrom" for hierarchy "statesmach:inst7|statesrom:inst"
Info (12128): Elaborating entity "ula_full" for hierarchy "ula_full:inst"
Info (12128): Elaborating entity "mux_summult" for hierarchy "ula_full:inst|mux_summult:inst9"
Info (12128): Elaborating entity "6to8bit" for hierarchy "ula_full:inst|6to8bit:inst8"
Info (12128): Elaborating entity "SumSub6bit" for hierarchy "ula_full:inst|SumSub6bit:inst"
Warning (275008): Primitive "GND" of instance "inst4" not used
Info (12128): Elaborating entity "FullAdder" for hierarchy "ula_full:inst|SumSub6bit:inst|FullAdder:inst"
Info (12128): Elaborating entity "Selector" for hierarchy "ula_full:inst|SumSub6bit:inst|Selector:inst10"
Info (12128): Elaborating entity "Mult" for hierarchy "ula_full:inst|Mult:inst6"
Warning (275002): No superset bus at connection
Warning (275002): No superset bus at connection
Info (12128): Elaborating entity "normReg" for hierarchy "normReg:inst12"
Info (13000): Registers with preset signals will power-up high
Info (13003): DEV_CLRn pin will set, and not reset, register with preset signal due to NOT Gate Push-Back
Info (144001): Generated suppressed messages file /home/jhosoume/unb/circuitos_digitais/pre-projeto/ula/output_files/ula.map.smsg
Info (16010): Generating hard_block partition "hard_block:auto_generated_inst"
    Info (16011): Adding 0 node(s), including 0 DDIO, 0 PLL, 0 transceiver and 0 LCELL
Info (21057): Implemented 142 device resources after synthesis - the final resource count might be different
    Info (21058): Implemented 10 input pins
    Info (21059): Implemented 24 output pins
    Info (21061): Implemented 108 logic cells
Info: Quartus II 64-Bit Analysis & Synthesis was successful. 0 errors, 7 warnings
    Info: Peak virtual memory: 600 megabytes
    Info: Processing ended: Wed Jun 27 16:34:29 2018
    Info: Elapsed time: 00:00:02
    Info: Total CPU time (on all processors): 00:00:02


+------------------------------------------+
; Analysis & Synthesis Suppressed Messages ;
+------------------------------------------+
The suppressed messages can be found in /home/jhosoume/unb/circuitos_digitais/pre-projeto/ula/output_files/ula.map.smsg.


