Flow report for Processador
Tue Jun 30 11:17:35 2015
Quartus II 64-Bit Version 13.0.1 Build 232 06/12/2013 Service Pack 1 SJ Web Edition


---------------------
; Table of Contents ;
---------------------
  1. Legal Notice
  2. Flow Summary
  3. Flow Settings
  4. Flow Non-Default Global Settings
  5. Flow Elapsed Time
  6. Flow OS Summary
  7. Flow Log
  8. Flow Messages
  9. Flow Suppressed Messages



----------------
; Legal Notice ;
----------------
Copyright (C) 1991-2013 Altera Corporation
Your use of Altera Corporation's design tools, logic functions 
and other software and tools, and its AMPP partner logic 
functions, and any output files from any of the foregoing 
(including device programming or simulation files), and any 
associated documentation or information are expressly subject 
to the terms and conditions of the Altera Program License 
Subscription Agreement, Altera MegaCore Function License 
Agreement, or other applicable license agreement, including, 
without limitation, that your use is for the sole purpose of 
programming logic devices manufactured by Altera and sold by 
Altera or its authorized distributors.  Please refer to the 
applicable agreement for further details.



+--------------------------------------------------------------------------------------+
; Flow Summary                                                                         ;
+------------------------------------+-------------------------------------------------+
; Flow Status                        ; Successful - Tue Jun 30 11:17:35 2015           ;
; Quartus II 64-Bit Version          ; 13.0.1 Build 232 06/12/2013 SP 1 SJ Web Edition ;
; Revision Name                      ; Processador                                     ;
; Top-level Entity Name              ; Processador                                     ;
; Family                             ; Cyclone II                                      ;
; Device                             ; EP2C35F672C6                                    ;
; Timing Models                      ; Final                                           ;
; Total logic elements               ; 2,953 / 33,216 ( 9 % )                          ;
;     Total combinational functions  ; 2,802 / 33,216 ( 8 % )                          ;
;     Dedicated logic registers      ; 1,531 / 33,216 ( 5 % )                          ;
; Total registers                    ; 1531                                            ;
; Total pins                         ; 356 / 475 ( 75 % )                              ;
; Total virtual pins                 ; 0                                               ;
; Total memory bits                  ; 196,800 / 483,840 ( 41 % )                      ;
; Embedded Multiplier 9-bit elements ; 8 / 70 ( 11 % )                                 ;
; Total PLLs                         ; 0 / 4 ( 0 % )                                   ;
+------------------------------------+-------------------------------------------------+


+-----------------------------------------+
; Flow Settings                           ;
+-------------------+---------------------+
; Option            ; Setting             ;
+-------------------+---------------------+
; Start date & time ; 06/30/2015 11:14:09 ;
; Main task         ; Compilation         ;
; Revision Name     ; Processador         ;
+-------------------+---------------------+


+------------------------------------------------------------------------------------------------------------------------------+
; Flow Non-Default Global Settings                                                                                             ;
+-------------------------------------+-----------------------------------------+---------------+-------------+----------------+
; Assignment Name                     ; Value                                   ; Default Value ; Entity Name ; Section Id     ;
+-------------------------------------+-----------------------------------------+---------------+-------------+----------------+
; COMPILER_SIGNATURE_ID               ; 207371629900818.143567364902772         ; --            ; --          ; --             ;
; EDA_GENERATE_FUNCTIONAL_NETLIST     ; On                                      ; --            ; --          ; eda_simulation ;
; EDA_OUTPUT_DATA_FORMAT              ; Verilog Hdl                             ; --            ; --          ; eda_simulation ;
; EDA_SIMULATION_TOOL                 ; ModelSim-Altera (Verilog)               ; <None>        ; --          ; --             ;
; EDA_TIME_SCALE                      ; 1 ps                                    ; --            ; --          ; eda_simulation ;
; IP_TOOL_NAME                        ; LPM_MUX                                 ; --            ; --          ; --             ;
; IP_TOOL_NAME                        ; LPM_CLSHIFT                             ; --            ; --          ; --             ;
; IP_TOOL_NAME                        ; LPM_CLSHIFT                             ; --            ; --          ; --             ;
; IP_TOOL_NAME                        ; LPM_MUX                                 ; --            ; --          ; --             ;
; IP_TOOL_NAME                        ; LPM_MULT                                ; --            ; --          ; --             ;
; IP_TOOL_NAME                        ; LPM_DECODE                              ; --            ; --          ; --             ;
; IP_TOOL_NAME                        ; LPM_MUX                                 ; --            ; --          ; --             ;
; IP_TOOL_NAME                        ; LPM_CONSTANT                            ; --            ; --          ; --             ;
; IP_TOOL_NAME                        ; LPM_MUX                                 ; --            ; --          ; --             ;
; IP_TOOL_NAME                        ; LPM_CONSTANT                            ; --            ; --          ; --             ;
; IP_TOOL_NAME                        ; LPM_CONSTANT                            ; --            ; --          ; --             ;
; IP_TOOL_NAME                        ; LPM_CONSTANT                            ; --            ; --          ; --             ;
; IP_TOOL_NAME                        ; RAM: 1-PORT                             ; --            ; --          ; --             ;
; IP_TOOL_NAME                        ; LPM_CONSTANT                            ; --            ; --          ; --             ;
; IP_TOOL_NAME                        ; LPM_CONSTANT                            ; --            ; --          ; --             ;
; IP_TOOL_NAME                        ; LPM_MUX                                 ; --            ; --          ; --             ;
; IP_TOOL_NAME                        ; LPM_COMPARE                             ; --            ; --          ; --             ;
; IP_TOOL_NAME                        ; LPM_COMPARE                             ; --            ; --          ; --             ;
; IP_TOOL_NAME                        ; LPM_COMPARE                             ; --            ; --          ; --             ;
; IP_TOOL_NAME                        ; LPM_MUX                                 ; --            ; --          ; --             ;
; IP_TOOL_NAME                        ; LPM_MUX                                 ; --            ; --          ; --             ;
; IP_TOOL_NAME                        ; LPM_SHIFTREG                            ; --            ; --          ; --             ;
; IP_TOOL_NAME                        ; LPM_SHIFTREG                            ; --            ; --          ; --             ;
; IP_TOOL_NAME                        ; LPM_SHIFTREG                            ; --            ; --          ; --             ;
; IP_TOOL_NAME                        ; RAM: 1-PORT                             ; --            ; --          ; --             ;
; IP_TOOL_NAME                        ; RAM: 2-PORT                             ; --            ; --          ; --             ;
; IP_TOOL_NAME                        ; LPM_COUNTER                             ; --            ; --          ; --             ;
; IP_TOOL_NAME                        ; LPM_COMPARE                             ; --            ; --          ; --             ;
; IP_TOOL_NAME                        ; LPM_COMPARE                             ; --            ; --          ; --             ;
; IP_TOOL_NAME                        ; LPM_COMPARE                             ; --            ; --          ; --             ;
; IP_TOOL_NAME                        ; LPM_COMPARE                             ; --            ; --          ; --             ;
; IP_TOOL_NAME                        ; LPM_COMPARE                             ; --            ; --          ; --             ;
; IP_TOOL_NAME                        ; LPM_COMPARE                             ; --            ; --          ; --             ;
; IP_TOOL_NAME                        ; LPM_SHIFTREG                            ; --            ; --          ; --             ;
; IP_TOOL_NAME                        ; RAM: 1-PORT                             ; --            ; --          ; --             ;
; IP_TOOL_NAME                        ; ALTPLL                                  ; --            ; --          ; --             ;
; IP_TOOL_NAME                        ; LPM_COUNTER                             ; --            ; --          ; --             ;
; IP_TOOL_NAME                        ; RAM: 2-PORT                             ; --            ; --          ; --             ;
; IP_TOOL_NAME                        ; LPM_DECODE                              ; --            ; --          ; --             ;
; IP_TOOL_NAME                        ; LPM_MUX                                 ; --            ; --          ; --             ;
; IP_TOOL_NAME                        ; LPM_CLSHIFT                             ; --            ; --          ; --             ;
; IP_TOOL_NAME                        ; LPM_CONSTANT                            ; --            ; --          ; --             ;
; IP_TOOL_NAME                        ; RAM: 1-PORT                             ; --            ; --          ; --             ;
; IP_TOOL_NAME                        ; RAM: 2-PORT                             ; --            ; --          ; --             ;
; IP_TOOL_VERSION                     ; 13.0                                    ; --            ; --          ; --             ;
; IP_TOOL_VERSION                     ; 13.0                                    ; --            ; --          ; --             ;
; IP_TOOL_VERSION                     ; 13.0                                    ; --            ; --          ; --             ;
; IP_TOOL_VERSION                     ; 13.0                                    ; --            ; --          ; --             ;
; IP_TOOL_VERSION                     ; 13.0                                    ; --            ; --          ; --             ;
; IP_TOOL_VERSION                     ; 13.0                                    ; --            ; --          ; --             ;
; IP_TOOL_VERSION                     ; 13.0                                    ; --            ; --          ; --             ;
; IP_TOOL_VERSION                     ; 13.0                                    ; --            ; --          ; --             ;
; IP_TOOL_VERSION                     ; 13.0                                    ; --            ; --          ; --             ;
; IP_TOOL_VERSION                     ; 13.0                                    ; --            ; --          ; --             ;
; IP_TOOL_VERSION                     ; 13.0                                    ; --            ; --          ; --             ;
; IP_TOOL_VERSION                     ; 13.0                                    ; --            ; --          ; --             ;
; IP_TOOL_VERSION                     ; 13.0                                    ; --            ; --          ; --             ;
; IP_TOOL_VERSION                     ; 13.0                                    ; --            ; --          ; --             ;
; IP_TOOL_VERSION                     ; 13.0                                    ; --            ; --          ; --             ;
; IP_TOOL_VERSION                     ; 13.0                                    ; --            ; --          ; --             ;
; IP_TOOL_VERSION                     ; 13.0                                    ; --            ; --          ; --             ;
; IP_TOOL_VERSION                     ; 13.0                                    ; --            ; --          ; --             ;
; IP_TOOL_VERSION                     ; 13.0                                    ; --            ; --          ; --             ;
; IP_TOOL_VERSION                     ; 13.0                                    ; --            ; --          ; --             ;
; IP_TOOL_VERSION                     ; 13.0                                    ; --            ; --          ; --             ;
; IP_TOOL_VERSION                     ; 13.0                                    ; --            ; --          ; --             ;
; IP_TOOL_VERSION                     ; 13.0                                    ; --            ; --          ; --             ;
; IP_TOOL_VERSION                     ; 13.0                                    ; --            ; --          ; --             ;
; IP_TOOL_VERSION                     ; 13.0                                    ; --            ; --          ; --             ;
; IP_TOOL_VERSION                     ; 13.0                                    ; --            ; --          ; --             ;
; IP_TOOL_VERSION                     ; 13.0                                    ; --            ; --          ; --             ;
; IP_TOOL_VERSION                     ; 13.0                                    ; --            ; --          ; --             ;
; IP_TOOL_VERSION                     ; 13.0                                    ; --            ; --          ; --             ;
; IP_TOOL_VERSION                     ; 13.0                                    ; --            ; --          ; --             ;
; IP_TOOL_VERSION                     ; 13.0                                    ; --            ; --          ; --             ;
; IP_TOOL_VERSION                     ; 13.0                                    ; --            ; --          ; --             ;
; IP_TOOL_VERSION                     ; 13.0                                    ; --            ; --          ; --             ;
; IP_TOOL_VERSION                     ; 13.0                                    ; --            ; --          ; --             ;
; IP_TOOL_VERSION                     ; 13.0                                    ; --            ; --          ; --             ;
; IP_TOOL_VERSION                     ; 13.0                                    ; --            ; --          ; --             ;
; IP_TOOL_VERSION                     ; 13.0                                    ; --            ; --          ; --             ;
; IP_TOOL_VERSION                     ; 13.0                                    ; --            ; --          ; --             ;
; IP_TOOL_VERSION                     ; 13.0                                    ; --            ; --          ; --             ;
; IP_TOOL_VERSION                     ; 13.0                                    ; --            ; --          ; --             ;
; IP_TOOL_VERSION                     ; 13.0                                    ; --            ; --          ; --             ;
; IP_TOOL_VERSION                     ; 13.0                                    ; --            ; --          ; --             ;
; IP_TOOL_VERSION                     ; 13.0                                    ; --            ; --          ; --             ;
; IP_TOOL_VERSION                     ; 13.0                                    ; --            ; --          ; --             ;
; MAX_CORE_JUNCTION_TEMP              ; 85                                      ; --            ; --          ; --             ;
; MIN_CORE_JUNCTION_TEMP              ; 0                                       ; --            ; --          ; --             ;
; MISC_FILE                           ; MUX2_32.bsf                             ; --            ; --          ; --             ;
; MISC_FILE                           ; LeftShifter.bsf                         ; --            ; --          ; --             ;
; MISC_FILE                           ; Shifter.bsf                             ; --            ; --          ; --             ;
; MISC_FILE                           ; MUX41BUS.bsf                            ; --            ; --          ; --             ;
; MISC_FILE                           ; MULT32.bsf                              ; --            ; --          ; --             ;
; MISC_FILE                           ; DecoderRegister.bsf                     ; --            ; --          ; --             ;
; MISC_FILE                           ; RegisterMUX.bsf                         ; --            ; --          ; --             ;
; MISC_FILE                           ; Constant4.bsf                           ; --            ; --          ; --             ;
; MISC_FILE                           ; MUX6_2.bsf                              ; --            ; --          ; --             ;
; MISC_FILE                           ; Principal/FUNC_OR.bsf                   ; --            ; --          ; --             ;
; MISC_FILE                           ; Principal/ZeroConstant_16.bsf           ; --            ; --          ; --             ;
; MISC_FILE                           ; ZeroConstant_27.bsf                     ; --            ; --          ; --             ;
; MISC_FILE                           ; RamTeste.bsf                            ; --            ; --          ; --             ;
; MISC_FILE                           ; Principal/ZeroConstant_32.bsf           ; --            ; --          ; --             ;
; MISC_FILE                           ; Principal/Constant1_32.bsf              ; --            ; --          ; --             ;
; MISC_FILE                           ; Principal/MUX2_5bits.bsf                ; --            ; --          ; --             ;
; MISC_FILE                           ; Principal/CompareRegisters.bsf          ; --            ; --          ; --             ;
; MISC_FILE                           ; Principal/RegisterNotZeroComparator.bsf ; --            ; --          ; --             ;
; MISC_FILE                           ; Principal/IsBitValid.bsf                ; --            ; --          ; --             ;
; MISC_FILE                           ; Principal/MUX2bits_2.bsf                ; --            ; --          ; --             ;
; MISC_FILE                           ; Principal/MUX32bits_3.bsf               ; --            ; --          ; --             ;
; MISC_FILE                           ; Principal/ShiftRegister_5.bsf           ; --            ; --          ; --             ;
; MISC_FILE                           ; Principal/ShiftRegister_1.bsf           ; --            ; --          ; --             ;
; MISC_FILE                           ; Principal/ShiftRegister_2.bsf           ; --            ; --          ; --             ;
; MISC_FILE                           ; Principal/MemoriaL1Inst.bsf             ; --            ; --          ; --             ;
; MISC_FILE                           ; Principal/MemoriaL0.bsf                 ; --            ; --          ; --             ;
; MISC_FILE                           ; Principal/CounterMem.bsf                ; --            ; --          ; --             ;
; MISC_FILE                           ; Principal/IsValue0_3bits.bsf            ; --            ; --          ; --             ;
; MISC_FILE                           ; Principal/IsValue1_3bits.bsf            ; --            ; --          ; --             ;
; MISC_FILE                           ; Principal/IsValue2_3bits.bsf            ; --            ; --          ; --             ;
; MISC_FILE                           ; Principal/IsValue3_3bits.bsf            ; --            ; --          ; --             ;
; MISC_FILE                           ; Principal/IsValue4_3bits.bsf            ; --            ; --          ; --             ;
; MISC_FILE                           ; Principal/IsValue5_3bits.bsf            ; --            ; --          ; --             ;
; MISC_FILE                           ; Principal/ShiftRegister_3.bsf           ; --            ; --          ; --             ;
; MISC_FILE                           ; Principal/MemoriaL1Dados.bsf            ; --            ; --          ; --             ;
; MISC_FILE                           ; Principal/TesteALTPLL.bsf               ; --            ; --          ; --             ;
; MISC_FILE                           ; Principal/TesteALTPLL.ppf               ; --            ; --          ; --             ;
; MISC_FILE                           ; Principal/Contador4.bsf                 ; --            ; --          ; --             ;
; MISC_FILE                           ; Principal/MemoriaL0Dados.bsf            ; --            ; --          ; --             ;
; MISC_FILE                           ; Principal/NewDecoder32.bsf              ; --            ; --          ; --             ;
; MISC_FILE                           ; Principal/MUX32entries_32bits.bsf       ; --            ; --          ; --             ;
; MISC_FILE                           ; Principal/ShiftRight2.bsf               ; --            ; --          ; --             ;
; MISC_FILE                           ; Principal/Constant2_4bits.bsf           ; --            ; --          ; --             ;
; MISC_FILE                           ; Principal/NewDataMemory_L1.bsf          ; --            ; --          ; --             ;
; MISC_FILE                           ; Principal/NewDataMemory_L0.bsf          ; --            ; --          ; --             ;
; PARTITION_COLOR                     ; 16764057                                ; --            ; --          ; Top            ;
; PARTITION_FITTER_PRESERVATION_LEVEL ; PLACEMENT_AND_ROUTING                   ; --            ; --          ; Top            ;
; PARTITION_NETLIST_TYPE              ; SOURCE                                  ; --            ; --          ; Top            ;
; POWER_BOARD_THERMAL_MODEL           ; None (CONSERVATIVE)                     ; --            ; --          ; --             ;
; POWER_PRESET_COOLING_SOLUTION       ; 23 MM HEAT SINK WITH 200 LFPM AIRFLOW   ; --            ; --          ; --             ;
; PROJECT_OUTPUT_DIRECTORY            ; output_files                            ; --            ; --          ; --             ;
+-------------------------------------+-----------------------------------------+---------------+-------------+----------------+


+-------------------------------------------------------------------------------------------------------------------------------+
; Flow Elapsed Time                                                                                                             ;
+---------------------------+--------------+-------------------------+---------------------+------------------------------------+
; Module Name               ; Elapsed Time ; Average Processors Used ; Peak Virtual Memory ; Total CPU Time (on all processors) ;
+---------------------------+--------------+-------------------------+---------------------+------------------------------------+
; Analysis & Synthesis      ; 00:01:24     ; 1.0                     ; 547 MB              ; 00:00:52                           ;
; Fitter                    ; 00:00:40     ; 1.0                     ; 710 MB              ; 00:00:39                           ;
; Assembler                 ; 00:00:03     ; 1.0                     ; 433 MB              ; 00:00:02                           ;
; TimeQuest Timing Analyzer ; 00:00:04     ; 1.0                     ; 458 MB              ; 00:00:03                           ;
; EDA Netlist Writer        ; 00:00:02     ; 1.0                     ; 419 MB              ; 00:00:02                           ;
; EDA Netlist Writer        ; 00:00:02     ; 1.0                     ; 407 MB              ; 00:00:01                           ;
; EDA Netlist Writer        ; 00:00:02     ; 1.0                     ; 423 MB              ; 00:00:02                           ;
; Total                     ; 00:02:17     ; --                      ; --                  ; 00:01:41                           ;
+---------------------------+--------------+-------------------------+---------------------+------------------------------------+


+----------------------------------------------------------------------------------------+
; Flow OS Summary                                                                        ;
+---------------------------+------------------+-----------+------------+----------------+
; Module Name               ; Machine Hostname ; OS Name   ; OS Version ; Processor type ;
+---------------------------+------------------+-----------+------------+----------------+
; Analysis & Synthesis      ; ARTHUREMDIO98A9  ; Windows 7 ; 6.1        ; x86_64         ;
; Fitter                    ; ARTHUREMDIO98A9  ; Windows 7 ; 6.1        ; x86_64         ;
; Assembler                 ; ARTHUREMDIO98A9  ; Windows 7 ; 6.1        ; x86_64         ;
; TimeQuest Timing Analyzer ; ARTHUREMDIO98A9  ; Windows 7 ; 6.1        ; x86_64         ;
; EDA Netlist Writer        ; ARTHUREMDIO98A9  ; Windows 7 ; 6.1        ; x86_64         ;
; EDA Netlist Writer        ; ARTHUREMDIO98A9  ; Windows 7 ; 6.1        ; x86_64         ;
; EDA Netlist Writer        ; ARTHUREMDIO98A9  ; Windows 7 ; 6.1        ; x86_64         ;
+---------------------------+------------------+-----------+------------+----------------+


------------
; Flow Log ;
------------
quartus_map --read_settings_files=on --write_settings_files=off Processador -c Processador
quartus_fit --read_settings_files=off --write_settings_files=off Processador -c Processador
quartus_asm --read_settings_files=off --write_settings_files=off Processador -c Processador
quartus_sta Processador -c Processador
quartus_eda --read_settings_files=off --write_settings_files=off Processador -c Processador
quartus_eda --gen_testbench --check_outputs=on --tool=modelsim_oem --format=verilog Processador -c Processador --vector_source=X:/Labs_OAC/LAB3_final/Implementacao/WaveformProcessador3.vwf --testbench_file=./simulation/qsim/Processador.vt
quartus_eda --functional=on --simulation=on --tool=modelsim_oem --format=verilog Processador -c Processador



